2023-02-05 11:40:10,348 [main] INFO fvjl - ***lauching browser is successful*****
2023-02-05 11:40:10,664 [main] INFO fvjl - ***Successfully enter the username and passwords*****
2023-02-05 11:40:25,544 [main] INFO fvjl - ***Successfully click the login button*****
2023-02-05 11:40:25,557 [main] INFO fvjl - ***See the dashboard of nopcommerce*****
2023-02-05 11:40:32,628 [main] INFO fvjl - ***lauching browser is successful*****
2023-02-05 11:40:32,905 [main] INFO fvjl - ***Successfully enter the username and passwords*****
2023-02-05 11:40:44,144 [main] INFO fvjl - ***Successfully click the login button*****
2023-02-05 11:40:44,158 [main] INFO fvjl - ***See the dashboard of nopcommerce*****
2023-02-05 11:40:51,434 [main] INFO fvjl - ***Successfully click the customers menu and customers option *****
2023-02-05 11:41:00,078 [main] INFO fvjl - ***click the ADD new button*****
2023-02-05 11:41:08,508 [main] INFO fvjl - ***lauching browser is successful*****
2023-02-05 11:41:08,965 [main] INFO fvjl - ***Successfully enter the username and passwords*****
2023-02-05 11:41:24,133 [main] INFO fvjl - ***Successfully click the login button*****
2023-02-05 11:41:24,148 [main] INFO fvjl - ***See the dashboard of nopcommerce*****
2023-02-05 11:41:34,550 [main] INFO fvjl - ***Successfully click the customers menu and customers option *****
2023-02-05 11:41:34,748 [main] INFO fvjl - ***search option by email *****
2023-02-06 17:54:35,153 [main] INFO fvjl - ***lauching browser is successful*****
2023-02-06 17:54:35,594 [main] INFO fvjl - ***Successfully enter the username and passwords*****
2023-02-06 17:54:36,362 [main] INFO fvjl - ***Successfully click the login button*****
2023-02-07 13:05:21,135 [main] INFO fvjl - ***lauching browser is successful*****
2023-02-07 13:05:21,436 [main] INFO fvjl - ***Successfully enter the username and passwords*****
2023-02-07 13:05:38,177 [main] INFO fvjl - ***Successfully click the login button*****
2023-02-07 13:05:38,191 [main] INFO fvjl - ***See the dashboard of nopcommerce*****
2023-02-07 13:05:44,532 [main] INFO fvjl - ***lauching browser is successful*****
2023-02-07 13:05:44,982 [main] INFO fvjl - ***Successfully enter the username and passwords*****
2023-02-07 13:06:54,166 [main] INFO fvjl - ***Successfully click the login button*****
2023-02-07 13:06:57,947 [main] INFO fvjl - ***lauching browser is successful*****
2023-02-07 13:06:58,221 [main] INFO fvjl - ***Successfully enter the username and passwords*****
2023-02-07 13:07:10,333 [main] INFO fvjl - ***Successfully click the login button*****
2023-02-07 13:07:10,348 [main] INFO fvjl - ***See the dashboard of nopcommerce*****
2023-02-07 13:07:12,761 [main] INFO fvjl - ***Successfully click the customers menu and customers option *****
2023-02-07 13:07:12,913 [main] INFO fvjl - ***search option by email *****
2023-02-07 21:01:37,626 [main] INFO fvjl - ***lauching browser is successful*****
2023-02-07 21:01:37,954 [main] INFO fvjl - ***Successfully enter the username and passwords*****
2023-02-07 21:01:42,915 [main] INFO fvjl - ***Successfully click the login button*****
2023-02-07 21:19:12,511 [main] INFO fvjl - ***lauching browser is successful*****
2023-02-07 21:19:12,821 [main] INFO fvjl - ***Successfully enter the username and passwords*****
2023-02-07 21:19:18,179 [main] INFO fvjl - ***Successfully click the login button*****
2023-02-09 12:54:52,079 [main] INFO fvjl - ***lauching browser is successful*****
2023-02-09 12:54:52,396 [main] INFO fvjl - ***Successfully enter the username and passwords*****
2023-02-09 12:55:12,658 [main] INFO fvjl - ***Successfully click the login button*****
2023-02-09 12:55:12,677 [main] INFO fvjl - ***See the dashboard of nopcommerce*****
2023-02-09 12:57:09,075 [main] INFO fvjl - ***lauching browser is successful*****
2023-02-09 12:57:09,553 [main] INFO fvjl - ***Successfully enter the username and passwords*****
2023-02-09 12:57:42,495 [main] INFO fvjl - ***Successfully click the login button*****
2023-02-09 12:57:42,504 [main] INFO fvjl - ***See the dashboard of nopcommerce*****
2023-02-09 13:02:38,471 [main] INFO fvjl - ***lauching browser is successful*****
2023-02-09 13:02:38,855 [main] INFO fvjl - ***Successfully enter the username and passwords*****
2023-02-09 13:03:07,051 [main] INFO fvjl - ***Successfully click the login button*****
2023-02-09 13:03:07,067 [main] INFO fvjl - ***See the dashboard of nopcommerce*****
2023-02-09 13:06:45,402 [main] INFO fvjl - ***lauching browser is successful*****
2023-02-09 13:06:45,752 [main] INFO fvjl - ***Successfully enter the username and passwords*****
2023-02-09 13:06:55,920 [main] INFO fvjl - ***Successfully click the login button*****
2023-02-09 13:06:55,937 [main] INFO fvjl - ***See the dashboard of nopcommerce*****
2023-02-09 13:13:16,101 [main] INFO fvjl - ***lauching browser is successful*****
2023-02-09 13:13:16,375 [main] INFO fvjl - ***Successfully enter the username and passwords*****
2023-02-09 13:13:28,320 [main] INFO fvjl - ***Successfully click the login button*****
2023-02-09 13:13:28,338 [main] INFO fvjl - ***See the dashboard of nopcommerce*****
2023-02-09 13:32:32,226 [main] INFO fvjl - ***lauching browser is successful*****
2023-02-09 13:32:32,621 [main] INFO fvjl - ***Successfully enter the username and passwords*****
2023-02-09 13:32:42,898 [main] INFO fvjl - ***Successfully click the login button*****
2023-02-09 13:32:42,919 [main] INFO fvjl - ***See the dashboard of nopcommerce*****
2023-02-09 13:40:54,825 [main] INFO fvjl - ***lauching browser is successful*****
2023-02-09 13:40:55,153 [main] INFO fvjl - ***Successfully enter the username and passwords*****
2023-02-09 13:43:47,063 [main] INFO fvjl - ***Successfully click the login button*****
2023-02-09 13:44:25,726 [main] INFO fvjl - ***lauching browser is successful*****
2023-02-09 13:44:25,997 [main] INFO fvjl - ***Successfully enter the username and passwords*****
2023-02-09 13:44:42,552 [main] INFO fvjl - ***Successfully click the login button*****
2023-02-09 13:44:42,564 [main] INFO fvjl - ***See the dashboard of nopcommerce*****
2023-02-09 13:56:31,557 [main] INFO fvjl - ***lauching browser is successful*****
2023-02-09 13:56:31,850 [main] INFO fvjl - ***Successfully enter the username and passwords*****
2023-02-09 13:56:38,539 [main] INFO fvjl - ***Successfully click the login button*****
2023-02-09 13:56:38,556 [main] INFO fvjl - ***See the dashboard of nopcommerce*****
2023-02-09 14:00:58,712 [main] INFO fvjl - ***lauching browser is successful*****
2023-02-09 14:00:58,932 [main] INFO fvjl - ***Successfully enter the username and passwords*****
2023-02-09 14:01:09,711 [main] INFO fvjl - ***Successfully click the login button*****
2023-02-09 14:01:09,723 [main] INFO fvjl - ***See the dashboard of nopcommerce*****
2023-02-09 14:08:43,023 [main] INFO fvjl - ***lauching browser is successful*****
2023-02-09 14:08:43,385 [main] INFO fvjl - ***Successfully enter the username and passwords*****
2023-02-09 14:08:52,872 [main] INFO fvjl - ***Successfully click the login button*****
2023-02-09 14:10:21,471 [main] INFO fvjl - ***lauching browser is successful*****
2023-02-09 14:10:21,739 [main] INFO fvjl - ***Successfully enter the username and passwords*****
2023-02-09 14:11:07,123 [main] INFO fvjl - ***Successfully click the login button*****
2023-02-09 14:11:07,143 [main] INFO fvjl - ***See the dashboard of nopcommerce*****
2023-02-09 16:02:42,488 [main] INFO fvjl - ***lauching browser is successful*****
2023-02-09 16:02:42,833 [main] INFO fvjl - ***Successfully enter the username and passwords*****
2023-02-09 16:02:48,086 [main] INFO fvjl - ***Successfully click the login button*****
2023-02-09 16:02:48,098 [main] INFO fvjl - ***See the dashboard of nopcommerce*****
2023-02-10 12:40:36,549 [main] INFO fvjl - ***lauching browser is successful*****
2023-02-10 12:40:36,825 [main] INFO fvjl - ***Successfully enter the username and passwords*****
2023-02-10 12:40:44,610 [main] INFO fvjl - ***Successfully click the login button*****
2023-02-10 12:40:44,620 [main] INFO fvjl - ***See the dashboard of nopcommerce*****
2023-02-10 12:43:23,677 [main] INFO fvjl - ***lauching browser is successful*****
2023-02-10 12:43:23,931 [main] INFO fvjl - ***Successfully enter the username and passwords*****
2023-02-10 12:43:34,402 [main] INFO fvjl - ***Successfully click the login button*****
2023-02-10 12:43:34,416 [main] INFO fvjl - ***See the dashboard of nopcommerce*****
2023-02-10 12:52:35,074 [main] INFO fvjl - ***lauching browser is successful*****
2023-02-10 12:52:35,365 [main] INFO fvjl - ***Successfully enter the username and passwords*****
2023-02-10 12:52:42,494 [main] INFO fvjl - ***Successfully click the login button*****
2023-02-10 12:52:42,512 [main] INFO fvjl - ***See the dashboard of nopcommerce*****
2023-02-10 12:56:40,990 [main] INFO fvjl - ***lauching browser is successful*****
2023-02-10 12:56:41,247 [main] INFO fvjl - ***Successfully enter the username and passwords*****
2023-02-10 12:56:48,424 [main] INFO fvjl - ***Successfully click the login button*****
2023-02-10 12:56:48,437 [main] INFO fvjl - ***See the dashboard of nopcommerce*****
2023-02-10 13:00:34,607 [main] INFO fvjl - ***lauching browser is successful*****
2023-02-10 13:00:34,831 [main] INFO fvjl - ***Successfully enter the username and passwords*****
2023-02-10 13:00:40,201 [main] INFO fvjl - ***Successfully click the login button*****
2023-02-10 13:00:40,212 [main] INFO fvjl - ***See the dashboard of nopcommerce*****
2023-02-10 13:01:30,219 [main] INFO fvjl - ***lauching browser is successful*****
2023-02-10 13:01:30,499 [main] INFO fvjl - ***Successfully enter the username and passwords*****
2023-02-10 13:01:37,356 [main] INFO fvjl - ***Successfully click the login button*****
2023-02-10 13:01:37,374 [main] INFO fvjl - ***See the dashboard of nopcommerce*****
2023-02-10 13:03:14,309 [main] INFO fvjl - ***lauching browser is successful*****
2023-02-10 13:03:14,583 [main] INFO fvjl - ***Successfully enter the username and passwords*****
2023-02-10 13:03:22,978 [main] INFO fvjl - ***Successfully click the login button*****
2023-02-10 13:03:22,993 [main] INFO fvjl - ***See the dashboard of nopcommerce*****
2023-02-10 13:04:25,269 [main] INFO fvjl - ***lauching browser is successful*****
2023-02-10 13:04:25,541 [main] INFO fvjl - ***Successfully enter the username and passwords*****
2023-02-10 13:04:35,366 [main] INFO fvjl - ***Successfully click the login button*****
2023-02-10 13:04:35,377 [main] INFO fvjl - ***See the dashboard of nopcommerce*****
2023-02-10 13:13:44,495 [main] INFO fvjl - ***lauching browser is successful*****
2023-02-10 13:13:44,771 [main] INFO fvjl - ***Successfully enter the username and passwords*****
2023-02-10 13:14:00,542 [main] INFO fvjl - ***Successfully click the login button*****
2023-02-10 13:14:00,556 [main] INFO fvjl - ***See the dashboard of nopcommerce*****
2023-02-10 15:35:04,649 [main] INFO fvjl - ***lauching browser is successful*****
2023-02-10 15:35:04,927 [main] INFO fvjl - ***Successfully enter the username and passwords*****
2023-02-10 15:35:23,833 [main] INFO fvjl - ***Successfully click the login button*****
2023-02-10 15:35:23,852 [main] INFO fvjl - ***See the dashboard of nopcommerce*****
2023-02-10 15:37:41,128 [main] INFO fvjl - ***lauching browser is successful*****
2023-02-10 15:37:41,423 [main] INFO fvjl - ***Successfully enter the username and passwords*****
2023-02-10 15:37:55,408 [main] INFO fvjl - ***Successfully click the login button*****
2023-02-10 15:37:55,425 [main] INFO fvjl - ***See the dashboard of nopcommerce*****
2023-02-10 15:50:35,027 [main] INFO fvjl - ***lauching browser is successful*****
2023-02-10 15:50:35,269 [main] INFO fvjl - ***Successfully enter the username and passwords*****
2023-02-10 15:50:48,970 [main] INFO fvjl - ***Successfully click the login button*****
2023-02-10 15:50:48,988 [main] INFO fvjl - ***See the dashboard of nopcommerce*****
2023-02-10 15:54:06,005 [main] INFO fvjl - ***lauching browser is successful*****
2023-02-10 15:54:06,283 [main] INFO fvjl - ***Successfully enter the username and passwords*****
2023-02-10 15:54:17,427 [main] INFO fvjl - ***Successfully click the login button*****
2023-02-10 15:54:17,444 [main] INFO fvjl - ***See the dashboard of nopcommerce*****
2023-02-10 15:58:08,099 [main] INFO fvjl - ***lauching browser is successful*****
2023-02-10 15:58:08,463 [main] INFO fvjl - ***Successfully enter the username and passwords*****
2023-02-10 15:58:17,707 [main] INFO fvjl - ***Successfully click the login button*****
2023-02-10 15:58:17,723 [main] INFO fvjl - ***See the dashboard of nopcommerce*****
2023-02-10 16:00:22,261 [main] INFO fvjl - ***lauching browser is successful*****
2023-02-10 16:00:22,536 [main] INFO fvjl - ***Successfully enter the username and passwords*****
2023-02-10 16:00:30,438 [main] INFO fvjl - ***Successfully click the login button*****
2023-02-10 16:00:30,453 [main] INFO fvjl - ***See the dashboard of nopcommerce*****
2023-02-10 16:04:21,573 [main] INFO fvjl - ***lauching browser is successful*****
2023-02-10 16:04:21,892 [main] INFO fvjl - ***Successfully enter the username and passwords*****
2023-02-10 16:04:31,776 [main] INFO fvjl - ***Successfully click the login button*****
2023-02-10 16:04:31,790 [main] INFO fvjl - ***See the dashboard of nopcommerce*****
2023-02-10 16:07:38,333 [main] INFO fvjl - ***lauching browser is successful*****
2023-02-10 16:07:38,609 [main] INFO fvjl - ***Successfully enter the username and passwords*****
2023-02-10 16:07:46,038 [main] INFO fvjl - ***Successfully click the login button*****
2023-02-10 16:07:46,058 [main] INFO fvjl - ***See the dashboard of nopcommerce*****
2023-02-10 16:11:20,747 [main] INFO fvjl - ***lauching browser is successful*****
2023-02-10 16:11:20,996 [main] INFO fvjl - ***Successfully enter the username and passwords*****
2023-02-10 16:11:29,732 [main] INFO fvjl - ***Successfully click the login button*****
2023-02-10 16:11:29,753 [main] INFO fvjl - ***See the dashboard of nopcommerce*****
2023-02-10 16:18:02,469 [main] INFO fvjl - ***lauching browser is successful*****
2023-02-10 16:18:02,734 [main] INFO fvjl - ***Successfully enter the username and passwords*****
2023-02-10 16:18:11,847 [main] INFO fvjl - ***Successfully click the login button*****
2023-02-10 16:18:11,860 [main] INFO fvjl - ***See the dashboard of nopcommerce*****
2023-02-10 16:20:53,394 [main] INFO fvjl - ***lauching browser is successful*****
2023-02-10 16:20:53,709 [main] INFO fvjl - ***Successfully enter the username and passwords*****
2023-02-10 16:21:05,549 [main] INFO fvjl - ***Successfully click the login button*****
2023-02-10 16:21:05,566 [main] INFO fvjl - ***See the dashboard of nopcommerce*****
2023-02-10 18:49:42,123 [main] INFO fvjl - ***lauching browser is successful*****
2023-02-10 18:49:42,495 [main] INFO fvjl - ***Successfully enter the username and passwords*****
2023-02-10 18:50:00,739 [main] INFO fvjl - ***Successfully click the login button*****
2023-02-10 18:50:00,751 [main] INFO fvjl - ***See the dashboard of nopcommerce*****
2023-02-10 18:59:17,068 [main] INFO fvjl - ***lauching browser is successful*****
2023-02-10 18:59:17,337 [main] INFO fvjl - ***Successfully enter the username and passwords*****
2023-02-10 18:59:25,627 [main] INFO fvjl - ***Successfully click the login button*****
2023-02-10 18:59:25,639 [main] INFO fvjl - ***See the dashboard of nopcommerce*****
2023-02-10 19:10:33,333 [main] INFO fvjl - ***lauching browser is successful*****
2023-02-10 19:10:33,620 [main] INFO fvjl - ***Successfully enter the username and passwords*****
2023-02-10 19:10:43,848 [main] INFO fvjl - ***Successfully click the login button*****
2023-02-10 19:10:43,867 [main] INFO fvjl - ***See the dashboard of nopcommerce*****
2023-02-10 19:15:02,169 [main] INFO fvjl - ***lauching browser is successful*****
2023-02-10 19:15:02,432 [main] INFO fvjl - ***Successfully enter the username and passwords*****
2023-02-10 19:15:36,057 [main] INFO fvjl - ***Successfully click the login button*****
2023-02-10 19:15:36,071 [main] INFO fvjl - ***See the dashboard of nopcommerce*****
2023-02-10 19:19:12,365 [main] INFO fvjl - ***lauching browser is successful*****
2023-02-10 19:19:12,741 [main] INFO fvjl - ***Successfully enter the username and passwords*****
2023-02-10 19:19:25,209 [main] INFO fvjl - ***Successfully click the login button*****
2023-02-10 19:19:25,226 [main] INFO fvjl - ***See the dashboard of nopcommerce*****
2023-02-10 19:23:58,676 [main] INFO fvjl - ***lauching browser is successful*****
2023-02-10 19:23:59,005 [main] INFO fvjl - ***Successfully enter the username and passwords*****
2023-02-10 19:24:34,277 [main] INFO fvjl - ***Successfully click the login button*****
2023-02-10 19:24:34,292 [main] INFO fvjl - ***See the dashboard of nopcommerce*****
2023-02-10 19:28:19,330 [main] INFO fvjl - ***lauching browser is successful*****
2023-02-10 19:28:19,594 [main] INFO fvjl - ***Successfully enter the username and passwords*****
2023-02-10 19:28:37,834 [main] INFO fvjl - ***Successfully click the login button*****
2023-02-10 19:28:37,851 [main] INFO fvjl - ***See the dashboard of nopcommerce*****
2023-02-10 19:32:39,734 [main] INFO fvjl - ***lauching browser is successful*****
2023-02-10 19:32:40,087 [main] INFO fvjl - ***Successfully enter the username and passwords*****
2023-02-10 19:33:21,617 [main] INFO fvjl - ***Successfully click the login button*****
2023-02-10 19:33:21,633 [main] INFO fvjl - ***See the dashboard of nopcommerce*****
2023-02-10 19:35:07,509 [main] INFO fvjl - ***lauching browser is successful*****
2023-02-10 19:35:07,783 [main] INFO fvjl - ***Successfully enter the username and passwords*****
2023-02-10 19:35:36,546 [main] INFO fvjl - ***Successfully click the login button*****
2023-02-10 19:35:36,557 [main] INFO fvjl - ***See the dashboard of nopcommerce*****
2023-02-10 19:37:21,872 [main] INFO fvjl - ***lauching browser is successful*****
2023-02-10 19:37:22,167 [main] INFO fvjl - ***Successfully enter the username and passwords*****
2023-02-10 19:37:51,592 [main] INFO fvjl - ***Successfully click the login button*****
2023-02-10 19:37:51,610 [main] INFO fvjl - ***See the dashboard of nopcommerce*****
2023-02-10 19:41:06,654 [main] INFO fvjl - ***lauching browser is successful*****
2023-02-10 19:41:07,121 [main] INFO fvjl - ***Successfully enter the username and passwords*****
2023-02-10 19:41:19,414 [main] INFO fvjl - ***Successfully click the login button*****
2023-02-10 19:41:19,423 [main] INFO fvjl - ***See the dashboard of nopcommerce*****
2023-02-10 19:45:07,206 [main] INFO fvjl - ***lauching browser is successful*****
2023-02-10 19:45:07,511 [main] INFO fvjl - ***Successfully enter the username and passwords*****
2023-02-10 19:46:10,234 [main] INFO fvjl - ***Successfully click the login button*****
2023-02-10 19:46:10,250 [main] INFO fvjl - ***See the dashboard of nopcommerce*****
2023-02-10 19:50:06,237 [main] INFO fvjl - ***lauching browser is successful*****
2023-02-10 19:50:06,654 [main] INFO fvjl - ***Successfully enter the username and passwords*****
2023-02-10 19:50:44,890 [main] INFO fvjl - ***Successfully click the login button*****
2023-02-10 19:50:44,908 [main] INFO fvjl - ***See the dashboard of nopcommerce*****
2023-02-10 19:57:14,998 [main] INFO fvjl - ***lauching browser is successful*****
2023-02-10 19:57:15,294 [main] INFO fvjl - ***Successfully enter the username and passwords*****
2023-02-10 19:57:21,129 [main] INFO fvjl - ***Successfully click the login button*****
2023-02-10 20:00:19,016 [main] INFO fvjl - ***lauching browser is successful*****
2023-02-10 20:00:19,376 [main] INFO fvjl - ***Successfully enter the username and passwords*****
2023-02-10 20:00:19,695 [main] INFO fvjl - ***Successfully click the login button*****
2023-02-10 20:01:38,124 [main] INFO fvjl - ***lauching browser is successful*****
2023-02-10 20:01:38,441 [main] INFO fvjl - ***Successfully enter the username and passwords*****
2023-02-10 20:02:05,597 [main] INFO fvjl - ***Successfully click the login button*****
2023-02-10 20:02:05,611 [main] INFO fvjl - ***See the dashboard of nopcommerce*****
2023-02-10 20:11:31,085 [main] INFO fvjl - ***lauching browser is successful*****
2023-02-10 20:11:31,479 [main] INFO fvjl - ***Successfully enter the username and passwords*****
2023-02-10 20:11:52,441 [main] INFO fvjl - ***Successfully click the login button*****
2023-02-10 20:11:52,453 [main] INFO fvjl - ***See the dashboard of nopcommerce*****
2023-02-10 20:14:10,293 [main] INFO fvjl - ***lauching browser is successful*****
2023-02-10 20:14:10,695 [main] INFO fvjl - ***Successfully enter the username and passwords*****
2023-02-10 20:14:39,442 [main] INFO fvjl - ***Successfully click the login button*****
2023-02-10 20:14:39,454 [main] INFO fvjl - ***See the dashboard of nopcommerce*****
2023-02-11 07:25:17,096 [main] INFO fvjl - ***lauching browser is successful*****
2023-02-11 07:25:17,278 [main] INFO fvjl - ***Successfully enter the username and passwords*****
2023-02-11 07:27:59,432 [main] INFO fvjl - ***Successfully click the login button*****
2023-02-11 07:27:59,542 [main] INFO fvjl - ***See the dashboard of nopcommerce*****
2023-02-11 07:28:49,877 [main] INFO fvjl - ***lauching browser is successful*****
2023-02-11 07:28:50,082 [main] INFO fvjl - ***Successfully enter the username and passwords*****
2023-02-11 07:29:00,081 [main] INFO fvjl - ***Successfully click the login button*****
2023-02-11 07:29:00,086 [main] INFO fvjl - ***See the dashboard of nopcommerce*****
2023-02-11 07:30:14,871 [main] INFO fvjl - ***lauching browser is successful*****
2023-02-11 07:30:15,074 [main] INFO fvjl - ***Successfully enter the username and passwords*****
2023-02-11 07:30:21,026 [main] INFO fvjl - ***Successfully click the login button*****
2023-02-11 07:30:21,035 [main] INFO fvjl - ***See the dashboard of nopcommerce*****
2023-02-11 07:52:35,007 [main] INFO fvjl - ***lauching browser is successful*****
2023-02-11 07:52:35,268 [main] INFO fvjl - ***Successfully enter the username and passwords*****
2023-02-11 07:52:55,249 [main] INFO fvjl - ***Successfully click the login button*****
2023-02-11 07:52:55,267 [main] INFO fvjl - ***See the dashboard of nopcommerce*****
2023-02-11 07:54:33,497 [main] INFO fvjl - ***lauching browser is successful*****
2023-02-11 07:54:33,726 [main] INFO fvjl - ***Successfully enter the username and passwords*****
2023-02-11 07:54:37,334 [main] INFO fvjl - ***Successfully click the login button*****
2023-02-11 07:54:37,344 [main] INFO fvjl - ***See the dashboard of nopcommerce*****
2023-02-11 08:22:11,633 [main] INFO fvjl - ***lauching browser is successful*****
2023-02-11 08:22:11,943 [main] INFO fvjl - ***Successfully enter the username and passwords*****
2023-02-11 08:22:16,199 [main] INFO fvjl - ***Successfully click the login button*****
2023-02-11 08:22:16,211 [main] INFO fvjl - ***See the dashboard of nopcommerce*****
2023-02-11 08:27:21,918 [main] INFO fvjl - ***lauching browser is successful*****
2023-02-11 08:27:22,222 [main] INFO fvjl - ***Successfully enter the username and passwords*****
2023-02-11 08:27:46,167 [main] INFO fvjl - ***Successfully click the login button*****
2023-02-11 08:27:46,177 [main] INFO fvjl - ***See the dashboard of nopcommerce*****
2023-02-12 08:20:17,063 [main] INFO fvjl - ***lauching browser is successful*****
2023-02-12 08:20:17,555 [main] INFO fvjl - ***Successfully enter the username and passwords*****
2023-02-12 08:20:24,950 [main] INFO fvjl - ***Successfully click the login button*****
2023-02-12 08:20:24,959 [main] INFO fvjl - ***See the dashboard of nopcommerce*****
2023-02-12 08:21:34,394 [main] INFO fvjl - ***lauching browser is successful*****
2023-02-12 08:21:34,650 [main] INFO fvjl - ***Successfully enter the username and passwords*****
2023-02-12 08:21:45,634 [main] INFO fvjl - ***Successfully click the login button*****
2023-02-12 08:21:45,643 [main] INFO fvjl - ***See the dashboard of nopcommerce*****
2023-02-12 08:25:00,275 [main] INFO fvjl - ***lauching browser is successful*****
2023-02-12 08:25:00,576 [main] INFO fvjl - ***Successfully enter the username and passwords*****
2023-02-12 08:25:12,042 [main] INFO fvjl - ***Successfully click the login button*****
2023-02-12 08:25:12,059 [main] INFO fvjl - ***See the dashboard of nopcommerce*****
2023-02-12 17:28:38,234 [main] INFO fvjl - ***lauching browser is successful*****
2023-02-12 17:28:38,687 [main] INFO fvjl - ***Successfully enter the username and passwords*****
2023-02-12 17:28:45,610 [main] INFO fvjl - ***Successfully click the login button*****
2023-02-12 17:28:45,624 [main] INFO fvjl - ***See the dashboard of nopcommerce*****
2023-02-12 17:29:54,494 [main] INFO fvjl - ***lauching browser is successful*****
2023-02-12 17:29:54,785 [main] INFO fvjl - ***Successfully enter the username and passwords*****
2023-02-12 17:30:02,498 [main] INFO fvjl - ***Successfully click the login button*****
2023-02-12 17:30:02,512 [main] INFO fvjl - ***See the dashboard of nopcommerce*****
2023-02-12 18:39:15,321 [main] INFO fvjl - ***lauching browser is successful*****
2023-02-12 18:39:15,549 [main] INFO fvjl - ***Successfully enter the username and passwords*****
2023-02-12 18:39:22,061 [main] INFO fvjl - ***Successfully click the login button*****
2023-02-12 18:39:22,076 [main] INFO fvjl - ***See the dashboard of nopcommerce*****
2023-02-12 18:40:22,213 [main] INFO fvjl - ***lauching browser is successful*****
2023-02-12 18:40:22,484 [main] INFO fvjl - ***Successfully enter the username and passwords*****
2023-02-12 18:40:35,959 [main] INFO fvjl - ***Successfully click the login button*****
2023-02-12 18:40:35,975 [main] INFO fvjl - ***See the dashboard of nopcommerce*****
2023-02-12 19:23:19,851 [main] INFO fvjl - ***lauching browser is successful*****
2023-02-12 19:23:20,096 [main] INFO fvjl - ***Successfully enter the username and passwords*****
2023-02-12 19:23:25,650 [main] INFO fvjl - ***Successfully click the login button*****
2023-02-12 19:23:25,664 [main] INFO fvjl - ***See the dashboard of nopcommerce*****
2023-02-12 19:24:30,966 [main] INFO fvjl - ***lauching browser is successful*****
2023-02-12 19:24:31,219 [main] INFO fvjl - ***Successfully enter the username and passwords*****
2023-02-12 19:24:37,478 [main] INFO fvjl - ***Successfully click the login button*****
2023-02-12 19:24:37,490 [main] INFO fvjl - ***See the dashboard of nopcommerce*****
2023-02-17 13:42:07,094 [main] INFO fvjl - ***lauching browser is successful*****
2023-02-17 13:42:07,349 [main] INFO fvjl - ***Successfully enter the username and passwords*****
2023-02-17 13:42:21,509 [main] INFO fvjl - ***Successfully click the login button*****
2023-02-17 13:42:21,523 [main] INFO fvjl - ***See the dashboard of nopcommerce*****
2023-02-17 13:43:11,797 [main] INFO fvjl - ***lauching browser is successful*****
2023-02-17 13:43:12,217 [main] INFO fvjl - ***Successfully enter the username and passwords*****
2023-02-17 13:43:24,813 [main] INFO fvjl - ***Successfully click the login button*****
2023-02-17 13:43:24,820 [main] INFO fvjl - ***See the dashboard of nopcommerce*****
2023-02-17 13:43:32,160 [main] INFO fvjl - ***lauching browser is successful*****
2023-02-17 13:43:32,392 [main] INFO fvjl - ***Successfully enter the username and passwords*****
2023-02-17 13:43:53,364 [main] INFO fvjl - ***Successfully click the login button*****
2023-02-17 13:43:53,373 [main] INFO fvjl - ***See the dashboard of nopcommerce*****
2023-02-17 13:44:00,546 [main] INFO fvjl - ***Successfully click the customers menu and customers option *****
2023-02-17 13:44:33,910 [main] INFO fvjl - ***click the ADD new button*****
2023-02-17 19:45:21,187 [main] INFO fvjl - ***lauching browser is successful*****
2023-02-17 19:45:21,463 [main] INFO fvjl - ***Successfully enter the username and passwords*****
2023-02-17 19:45:39,432 [main] INFO fvjl - ***Successfully click the login button*****
2023-02-17 19:45:39,444 [main] INFO fvjl - ***See the dashboard of nopcommerce*****
2023-02-17 19:48:17,644 [main] INFO fvjl - ***lauching browser is successful*****
2023-02-17 19:48:18,040 [main] INFO fvjl - ***Successfully enter the username and passwords*****
2023-02-17 19:48:24,385 [main] INFO fvjl - ***Successfully click the login button*****
2023-02-17 19:48:24,397 [main] INFO fvjl - ***See the dashboard of nopcommerce*****
2023-02-19 08:00:19,771 [main] INFO fvjl - ***lauching browser is successful*****
2023-02-19 08:00:19,993 [main] INFO fvjl - ***Successfully enter the username and passwords*****
2023-02-19 08:00:24,283 [main] INFO fvjl - ***Successfully click the login button*****
2023-02-19 08:00:24,292 [main] INFO fvjl - ***See the dashboard of nopcommerce*****
2023-02-19 08:01:56,643 [main] INFO fvjl - ***lauching browser is successful*****
2023-02-19 08:01:56,865 [main] INFO fvjl - ***Successfully enter the username and passwords*****
2023-02-19 08:02:01,297 [main] INFO fvjl - ***Successfully click the login button*****
2023-02-19 08:02:01,304 [main] INFO fvjl - ***See the dashboard of nopcommerce*****
2023-03-20 18:55:30,501 [main] INFO fvjl - ***lauching browser is successful*****
2023-03-20 18:55:30,802 [main] INFO fvjl - ***Successfully enter the username and passwords*****
2023-03-20 18:56:40,302 [main] INFO fvjl - ***Successfully click the login button*****
2023-03-20 18:56:40,314 [main] INFO fvjl - ***See the dashboard of nopcommerce*****
2023-04-25 16:33:06,907 [main] INFO fvjl - ***lauching browser is successful*****
2023-04-25 16:33:07,185 [main] INFO fvjl - ***Successfully enter the username and passwords*****
2023-04-25 16:33:10,668 [main] INFO fvjl - ***Successfully click the login button*****
2023-04-25 16:33:10,678 [main] INFO fvjl - ***See the dashboard of nopcommerce*****
2023-04-25 16:35:43,200 [main] INFO fvjl - ***lauching browser is successful*****
2023-04-25 16:35:43,448 [main] INFO fvjl - ***Successfully enter the username and passwords*****
2023-04-25 16:35:48,689 [main] INFO fvjl - ***Successfully click the login button*****
2023-04-25 16:35:48,702 [main] INFO fvjl - ***See the dashboard of nopcommerce*****
2023-04-25 16:35:54,283 [main] INFO fvjl - ***lauching browser is successful*****
2023-04-25 16:35:54,512 [main] INFO fvjl - ***Successfully enter the username and passwords*****
2023-04-25 16:35:58,088 [main] INFO fvjl - ***Successfully click the login button*****
2023-04-25 16:35:58,100 [main] INFO fvjl - ***See the dashboard of nopcommerce*****
2023-04-25 16:35:59,797 [main] INFO fvjl - ***Successfully click the customers menu and customers option *****
2023-04-25 16:36:01,149 [main] INFO fvjl - ***click the ADD new button*****
2023-04-25 16:36:05,273 [main] INFO fvjl - ***lauching browser is successful*****
2023-04-25 16:36:05,511 [main] INFO fvjl - ***Successfully enter the username and passwords*****
2023-04-25 16:36:10,165 [main] INFO fvjl - ***Successfully click the login button*****
2023-04-25 16:36:10,176 [main] INFO fvjl - ***See the dashboard of nopcommerce*****
2023-04-25 16:36:11,842 [main] INFO fvjl - ***Successfully click the customers menu and customers option *****
2023-04-25 16:36:12,026 [main] INFO fvjl - ***search option by email *****
2023-04-25 16:41:05,199 [main] INFO fvjl - ***lauching browser is successful*****
2023-04-25 16:41:05,464 [main] INFO fvjl - ***Successfully enter the username and passwords*****
2023-04-25 16:41:09,860 [main] INFO fvjl - ***Successfully click the login button*****
2023-04-25 16:41:09,869 [main] INFO fvjl - ***See the dashboard of nopcommerce*****
2023-04-25 16:41:14,714 [main] INFO fvjl - ***lauching browser is successful*****
2023-04-25 16:41:14,940 [main] INFO fvjl - ***Successfully enter the username and passwords*****
2023-04-25 16:41:18,505 [main] INFO fvjl - ***Successfully click the login button*****
2023-04-25 16:41:18,539 [main] INFO fvjl - ***See the dashboard of nopcommerce*****
2023-04-25 16:41:20,127 [main] INFO fvjl - ***Successfully click the customers menu and customers option *****
2023-04-25 16:41:21,298 [main] INFO fvjl - ***click the ADD new button*****
2023-04-25 16:41:22,499 [main] INFO fvjl - ***successfully enter the required details*****
2023-04-25 16:41:24,199 [main] INFO fvjl - ***click the save button *****
2023-04-25 16:41:29,547 [main] INFO fvjl - ***lauching browser is successful*****
2023-04-25 16:41:29,786 [main] INFO fvjl - ***Successfully enter the username and passwords*****
2023-04-25 16:41:33,398 [main] INFO fvjl - ***Successfully click the login button*****
2023-04-25 16:41:33,408 [main] INFO fvjl - ***See the dashboard of nopcommerce*****
2023-04-25 16:41:34,933 [main] INFO fvjl - ***Successfully click the customers menu and customers option *****
2023-04-25 16:42:24,519 [main] INFO fvjl - ***search option by email *****
2023-04-25 18:01:54,542 [main] INFO fvjl - ***lauching browser is successful*****
2023-04-25 18:01:54,791 [main] INFO fvjl - ***Successfully enter the username and passwords*****
2023-04-25 18:01:59,523 [main] INFO fvjl - ***Successfully click the login button*****
2023-04-25 18:01:59,547 [main] INFO fvjl - ***See the dashboard of nopcommerce*****
2023-04-25 18:02:02,033 [main] INFO fvjl - ***lauching browser is successful*****
2023-04-25 18:02:02,251 [main] INFO fvjl - ***Successfully enter the username and passwords*****
2023-04-25 18:02:04,291 [main] INFO fvjl - ***Successfully click the login button*****
2023-04-25 18:02:04,300 [main] INFO fvjl - ***See the dashboard of nopcommerce*****
2023-04-25 18:02:05,957 [main] INFO fvjl - ***Successfully click the customers menu and customers option *****
2023-04-25 18:02:10,027 [main] INFO fvjl - ***successfully enter the required details*****
2023-04-25 18:02:14,150 [main] INFO fvjl - ***successfully enter the required details*****
2023-04-25 18:02:18,890 [main] INFO fvjl - ***lauching browser is successful*****
2023-04-25 18:02:19,096 [main] INFO fvjl - ***Successfully enter the username and passwords*****
2023-04-25 18:02:23,424 [main] INFO fvjl - ***Successfully click the login button*****
2023-04-25 18:02:23,440 [main] INFO fvjl - ***See the dashboard of nopcommerce*****
2023-04-25 18:02:25,136 [main] INFO fvjl - ***Successfully click the customers menu and customers option *****
2023-04-25 18:03:07,141 [main] INFO fvjl - ***lauching browser is successful*****
2023-04-25 18:03:07,394 [main] INFO fvjl - ***Successfully enter the username and passwords*****
2023-04-25 18:03:10,301 [main] INFO fvjl - ***Successfully click the login button*****
2023-04-25 18:03:10,334 [main] INFO fvjl - ***See the dashboard of nopcommerce*****
2023-04-25 18:03:12,786 [main] INFO fvjl - ***lauching browser is successful*****
2023-04-25 18:03:13,185 [main] INFO fvjl - ***Successfully enter the username and passwords*****
2023-04-25 18:03:15,839 [main] INFO fvjl - ***Successfully click the login button*****
2023-04-25 18:03:15,848 [main] INFO fvjl - ***See the dashboard of nopcommerce*****
2023-04-25 18:03:17,491 [main] INFO fvjl - ***Successfully click the customers menu and customers option *****
2023-04-25 18:03:21,951 [main] INFO fvjl - ***successfully enter the required details*****
2023-04-26 14:40:57,738 [main] INFO fvjl - ***lauching browser is successful*****
2023-04-26 14:40:58,004 [main] INFO fvjl - ***Successfully enter the username and passwords*****
2023-04-26 14:41:01,166 [main] INFO fvjl - ***Successfully click the login button*****
2023-04-26 14:41:01,172 [main] INFO fvjl - ***See the dashboard of nopcommerce*****
2023-04-26 14:41:04,279 [main] INFO fvjl - ***lauching browser is successful*****
2023-04-26 14:41:04,534 [main] INFO fvjl - ***Successfully enter the username and passwords*****
2023-04-26 14:41:07,070 [main] INFO fvjl - ***Successfully click the login button*****
2023-04-26 14:41:07,092 [main] INFO fvjl - ***See the dashboard of nopcommerce*****
2023-04-26 14:41:08,488 [main] INFO fvjl - ***Successfully click the customers menu and customers option *****
2023-04-26 14:41:11,763 [main] INFO fvjl - ***successfully enter the required details*****
2023-04-26 14:41:14,961 [main] INFO fvjl - ***successfully enter the required details*****
2023-04-26 14:41:18,089 [main] INFO fvjl - ***lauching browser is successful*****
2023-04-26 14:41:18,361 [main] INFO fvjl - ***Successfully enter the username and passwords*****
2023-04-26 14:41:20,993 [main] INFO fvjl - ***Successfully click the login button*****
2023-04-26 14:41:20,997 [main] INFO fvjl - ***See the dashboard of nopcommerce*****
2023-04-26 14:41:22,413 [main] INFO fvjl - ***Successfully click the customers menu and customers option *****
2023-04-26 14:46:03,542 [main] INFO fvjl - ***lauching browser is successful*****
2023-04-26 14:46:03,814 [main] INFO fvjl - ***Successfully enter the username and passwords*****
2023-04-26 14:46:06,377 [main] INFO fvjl - ***Successfully click the login button*****
2023-04-26 14:46:06,384 [main] INFO fvjl - ***See the dashboard of nopcommerce*****
2023-04-26 14:46:11,231 [main] INFO fvjl - ***lauching browser is successful*****
2023-04-26 14:46:11,493 [main] INFO fvjl - ***Successfully enter the username and passwords*****
2023-04-26 14:46:13,880 [main] INFO fvjl - ***Successfully click the login button*****
2023-04-26 14:46:13,887 [main] INFO fvjl - ***See the dashboard of nopcommerce*****
2023-04-26 14:46:15,492 [main] INFO fvjl - ***Successfully click the customers menu and customers option *****
2023-04-26 14:46:18,436 [main] INFO fvjl - ***successfully enter the required details*****
